2025-01-22T15:10:55.7585056Z ##[section]Starting: Validate
2025-01-22T15:10:55.7595195Z ==============================================================================
2025-01-22T15:10:55.7595387Z Task         : Command line
2025-01-22T15:10:55.7595469Z Description  : Run a command line script using Bash on Linux and macOS and cmd.exe on Windows
2025-01-22T15:10:55.7595621Z Version      : 2.250.1
2025-01-22T15:10:55.7595721Z Author       : Microsoft Corporation
2025-01-22T15:10:55.7595814Z Help         : https://docs.microsoft.com/azure/devops/pipelines/tasks/utility/command-line
2025-01-22T15:10:55.7596086Z ==============================================================================
2025-01-22T15:10:56.1986384Z Generating script.
2025-01-22T15:10:56.1986727Z ========================== Starting Command Output ===========================
2025-01-22T15:10:56.1987065Z [command]/usr/bin/bash --noprofile --norc /home/vsts/work/_temp/fb64ae64-af46-40f2-b09e-2505146a04d4.sh
2025-01-22T15:10:56.2073859Z Logging in to Azure Subscription
2025-01-22T15:11:02.3123812Z Logged in to Azure Subscription successfully
2025-01-22T15:11:03.9540608Z 
2025-01-22T15:11:03.9541705Z Terraform State Storage Account Already Exists
2025-01-22T15:11:05.2207332Z Instaling required verison of terraform...
2025-01-22T15:11:05.2329069Z --2025-01-22 15:11:05--  https://releases.hashicorp.com/terraform/1.3.5/terraform_1.3.5_linux_amd64.zip
2025-01-22T15:11:05.2440334Z Resolving releases.hashicorp.com (releases.hashicorp.com)... 143.204.68.39, 143.204.68.93, 143.204.68.86, ...
2025-01-22T15:11:05.2459345Z Connecting to releases.hashicorp.com (releases.hashicorp.com)|143.204.68.39|:443... connected.
2025-01-22T15:11:05.2584761Z HTTP request sent, awaiting response... 200 OK
2025-01-22T15:11:05.2592891Z Length: 19469337 (19M) [application/zip]
2025-01-22T15:11:05.2807982Z Saving to: ‘terraform_1.3.5_linux_amd64.zip’
2025-01-22T15:11:05.2808590Z 
2025-01-22T15:11:05.2808977Z      0K .......... .......... .......... .......... ..........  0% 4.82M 4s
2025-01-22T15:11:05.2809309Z     50K .......... .......... .......... .......... ..........  0% 17.6M 2s
2025-01-22T15:11:05.2813001Z    100K .......... .......... .......... .......... ..........  0% 6.49M 3s
2025-01-22T15:11:05.2813294Z    150K .......... .......... .......... .......... ..........  1%  195M 2s
2025-01-22T15:11:05.2813563Z    200K .......... .......... .......... .......... ..........  1%  176M 2s
2025-01-22T15:11:05.2838743Z    250K .......... .......... .......... .......... ..........  1% 37.2M 1s
2025-01-22T15:11:05.2839142Z    300K .......... .......... .......... .......... ..........  1% 59.9M 1s
2025-01-22T15:11:05.2839508Z    350K .......... .......... .......... .......... ..........  2%  209M 1s
2025-01-22T15:11:05.2839801Z    400K .......... .......... .......... .......... ..........  2%  246M 1s
2025-01-22T15:11:05.2840169Z    450K .......... .......... .......... .......... ..........  2%  241M 1s
2025-01-22T15:11:05.2851021Z    500K .......... .......... .......... .......... ..........  2% 47.4M 1s
2025-01-22T15:11:05.2871274Z    550K .......... .......... .......... .......... ..........  3% 34.9M 1s
2025-01-22T15:11:05.2871595Z    600K .......... .......... .......... .......... ..........  3%  251M 1s
2025-01-22T15:11:05.2871866Z    650K .......... .......... .......... .......... ..........  3%  157M 1s
2025-01-22T15:11:05.2872150Z    700K .......... .......... .......... .......... ..........  3%  238M 1s
2025-01-22T15:11:05.2876894Z    750K .......... .......... .......... .......... ..........  4% 59.5M 1s
2025-01-22T15:11:05.2906255Z    800K .......... .......... .......... .......... ..........  4% 26.3M 1s
2025-01-22T15:11:05.2906640Z    850K .......... .......... .......... .......... ..........  4%  149M 1s
2025-01-22T15:11:05.2907028Z    900K .......... .......... .......... .......... ..........  4%  242M 1s
2025-01-22T15:11:05.2907315Z    950K .......... .......... .......... .......... ..........  5%  219M 1s
2025-01-22T15:11:05.2907605Z   1000K .......... .......... .......... .......... ..........  5%  153M 1s
2025-01-22T15:11:05.2938997Z   1050K .......... .......... .......... .......... ..........  5% 23.9M 1s
2025-01-22T15:11:05.2939281Z   1100K .......... .......... .......... .......... ..........  6%  141M 1s
2025-01-22T15:11:05.2939657Z   1150K .......... .......... .......... .......... ..........  6%  208M 0s
2025-01-22T15:11:05.2940024Z   1200K .......... .......... .......... .......... ..........  6%  157M 0s
2025-01-22T15:11:05.2940316Z   1250K .......... .......... .......... .......... ..........  6%  203M 0s
2025-01-22T15:11:05.2967841Z   1300K .......... .......... .......... .......... ..........  7% 25.0M 0s
2025-01-22T15:11:05.2968235Z   1350K .......... .......... .......... .......... ..........  7%  148M 0s
2025-01-22T15:11:05.2968605Z   1400K .......... .......... .......... .......... ..........  7%  246M 0s
2025-01-22T15:11:05.2968975Z   1450K .......... .......... .......... .......... ..........  7%  254M 0s
2025-01-22T15:11:05.2969325Z   1500K .......... .......... .......... .......... ..........  8%  241M 0s
2025-01-22T15:11:05.2995660Z   1550K .......... .......... .......... .......... ..........  8% 26.4M 0s
2025-01-22T15:11:05.2996259Z   1600K .......... .......... .......... .......... ..........  8%  195M 0s
2025-01-22T15:11:05.2996549Z   1650K .......... .......... .......... .......... ..........  8%  186M 0s
2025-01-22T15:11:05.2996926Z   1700K .......... .......... .......... .......... ..........  9%  254M 0s
2025-01-22T15:11:05.2997216Z   1750K .......... .......... .......... .......... ..........  9%  224M 0s
2025-01-22T15:11:05.3021964Z   1800K .......... .......... .......... .......... ..........  9% 27.6M 0s
2025-01-22T15:11:05.3022266Z   1850K .......... .......... .......... .......... ..........  9%  231M 0s
2025-01-22T15:11:05.3022618Z   1900K .......... .......... .......... .......... .......... 10%  216M 0s
2025-01-22T15:11:05.3022993Z   1950K .......... .......... .......... .......... .......... 10%  180M 0s
2025-01-22T15:11:05.3023298Z   2000K .......... .......... .......... .......... .......... 10%  249M 0s
2025-01-22T15:11:05.3049382Z   2050K .......... .......... .......... .......... .......... 11% 31.1M 0s
2025-01-22T15:11:05.3049726Z   2100K .......... .......... .......... .......... .......... 11%  115M 0s
2025-01-22T15:11:05.3050016Z   2150K .......... .......... .......... .......... .......... 11%  160M 0s
2025-01-22T15:11:05.3050306Z   2200K .......... .......... .......... .......... .......... 11%  245M 0s
2025-01-22T15:11:05.3050677Z   2250K .......... .......... .......... .......... .......... 12%  254M 0s
2025-01-22T15:11:05.3063559Z   2300K .......... .......... .......... .......... .......... 12% 38.4M 0s
2025-01-22T15:11:05.3077358Z   2350K .......... .......... .......... .......... .......... 12% 49.5M 0s
2025-01-22T15:11:05.3077747Z   2400K .......... .......... .......... .......... .......... 12%  245M 0s
2025-01-22T15:11:05.3078043Z   2450K .......... .......... .......... .......... .......... 13%  251M 0s
2025-01-22T15:11:05.3078437Z   2500K .......... .......... .......... .......... .......... 13%  250M 0s
2025-01-22T15:11:05.3086624Z   2550K .......... .......... .......... .......... .......... 13% 44.2M 0s
2025-01-22T15:11:05.3107043Z   2600K .......... .......... .......... .......... .......... 13% 47.4M 0s
2025-01-22T15:11:05.3107358Z   2650K .......... .......... .......... .......... .......... 14%  241M 0s
2025-01-22T15:11:05.3107728Z   2700K .......... .......... .......... .......... .......... 14%  254M 0s
2025-01-22T15:11:05.3108102Z   2750K .......... .......... .......... .......... .......... 14%  133M 0s
2025-01-22T15:11:05.3110540Z   2800K .......... .......... .......... .......... .......... 14%  172M 0s
2025-01-22T15:11:05.3138760Z   2850K .......... .......... .......... .......... .......... 15% 21.2M 0s
2025-01-22T15:11:05.3139170Z   2900K .......... .......... .......... .......... .......... 15%  241M 0s
2025-01-22T15:11:05.3139512Z   2950K .......... .......... .......... .......... .......... 15%  225M 0s
2025-01-22T15:11:05.3140156Z   3000K .......... .......... .......... .......... .......... 16%  243M 0s
2025-01-22T15:11:05.3140529Z   3050K .......... .......... .......... .......... .......... 16%  244M 0s
2025-01-22T15:11:05.3168131Z   3100K .......... .......... .......... .......... .......... 16% 26.8M 0s
2025-01-22T15:11:05.3168461Z   3150K .......... .......... .......... .......... .......... 16%  161M 0s
2025-01-22T15:11:05.3168758Z   3200K .......... .......... .......... .......... .......... 17%  199M 0s
2025-01-22T15:11:05.3169033Z   3250K .......... .......... .......... .......... .......... 17%  197M 0s
2025-01-22T15:11:05.3169326Z   3300K .......... .......... .......... .......... .......... 17%  233M 0s
2025-01-22T15:11:05.3169614Z   3350K .......... .......... .......... .......... .......... 17%  189M 0s
2025-01-22T15:11:05.3186599Z   3400K .......... .......... .......... .......... .......... 18%  180M 0s
2025-01-22T15:11:05.3186931Z   3450K .......... .......... .......... .......... .......... 18%  237M 0s
2025-01-22T15:11:05.3187584Z   3500K .......... .......... .......... .......... .......... 18%  179M 0s
2025-01-22T15:11:05.3187877Z   3550K .......... .......... .......... .......... .......... 18%  177M 0s
2025-01-22T15:11:05.3188168Z   3600K .......... .......... .......... .......... .......... 19%  235M 0s
2025-01-22T15:11:05.3188443Z   3650K .......... .......... .......... .......... .......... 19%  245M 0s
2025-01-22T15:11:05.3188733Z   3700K .......... .......... .......... .......... .......... 19%  220M 0s
2025-01-22T15:11:05.3189021Z   3750K .......... .......... .......... .......... .......... 19%  198M 0s
2025-01-22T15:11:05.3193364Z   3800K .......... .......... .......... .......... .......... 20%  180M 0s
2025-01-22T15:11:05.3193689Z   3850K .......... .......... .......... .......... .......... 20%  182M 0s
2025-01-22T15:11:05.3195572Z   3900K .......... .......... .......... .......... .......... 20%  154M 0s
2025-01-22T15:11:05.3200622Z   3950K .......... .......... .......... .......... .......... 21%  143M 0s
2025-01-22T15:11:05.3200946Z   4000K .......... .......... .......... .......... .......... 21%  210M 0s
2025-01-22T15:11:05.3205301Z   4050K .......... .......... .......... .......... .......... 21%  159M 0s
2025-01-22T15:11:05.3212930Z   4100K .......... .......... .......... .......... .......... 21%  163M 0s
2025-01-22T15:11:05.3213299Z   4150K .......... .......... .......... .......... .......... 22%  183M 0s
2025-01-22T15:11:05.3217970Z   4200K .......... .......... .......... .......... .......... 22% 93.1M 0s
2025-01-22T15:11:05.3218299Z   4250K .......... .......... .......... .......... .......... 22%  154M 0s
2025-01-22T15:11:05.3224587Z   4300K .......... .......... .......... .......... .......... 22%  168M 0s
2025-01-22T15:11:05.3224910Z   4350K .......... .......... .......... .......... .......... 23%  142M 0s
2025-01-22T15:11:05.3228613Z   4400K .......... .......... .......... .......... .......... 23%  165M 0s
2025-01-22T15:11:05.3233002Z   4450K .......... .......... .......... .......... .......... 23%  146M 0s
2025-01-22T15:11:05.3237181Z   4500K .......... .......... .......... .......... .......... 23%  156M 0s
2025-01-22T15:11:05.3237496Z   4550K .......... .......... .......... .......... .......... 24%  145M 0s
2025-01-22T15:11:05.3241506Z   4600K .......... .......... .......... .......... .......... 24%  123M 0s
2025-01-22T15:11:05.3244315Z   4650K .......... .......... .......... .......... .......... 24%  156M 0s
2025-01-22T15:11:05.3247727Z   4700K .......... .......... .......... .......... .......... 24%  144M 0s
2025-01-22T15:11:05.3251516Z   4750K .......... .......... .......... .......... .......... 25%  136M 0s
2025-01-22T15:11:05.3253701Z   4800K .......... .......... .......... .......... .......... 25%  198M 0s
2025-01-22T15:11:05.3256436Z   4850K .......... .......... .......... .......... .......... 25%  198M 0s
2025-01-22T15:11:05.3259410Z   4900K .......... .......... .......... .......... .......... 26%  199M 0s
2025-01-22T15:11:05.3262951Z   4950K .......... .......... .......... .......... .......... 26%  113M 0s
2025-01-22T15:11:05.3266393Z   5000K .......... .......... .......... .......... .......... 26%  148M 0s
2025-01-22T15:11:05.3285477Z   5050K .......... .......... .......... .......... .......... 26%  156M 0s
2025-01-22T15:11:05.3285797Z   5100K .......... .......... .......... .......... .......... 27%  208M 0s
2025-01-22T15:11:05.3286148Z   5150K .......... .......... .......... .......... .......... 27%  204M 0s
2025-01-22T15:11:05.3286423Z   5200K .......... .......... .......... .......... .......... 27%  200M 0s
2025-01-22T15:11:05.3286712Z   5250K .......... .......... .......... .......... .......... 27%  190M 0s
2025-01-22T15:11:05.3300151Z   5300K .......... .......... .......... .......... .......... 28%  201M 0s
2025-01-22T15:11:05.3300563Z   5350K .......... .......... .......... .......... .......... 28% 62.7M 0s
2025-01-22T15:11:05.3300854Z   5400K .......... .......... .......... .......... .......... 28%  245M 0s
2025-01-22T15:11:05.3301417Z   5450K .......... .......... .......... .......... .......... 28%  206M 0s
2025-01-22T15:11:05.3301709Z   5500K .......... .......... .......... .......... .......... 29%  206M 0s
2025-01-22T15:11:05.3316855Z   5550K .......... .......... .......... .......... .......... 29% 64.4M 0s
2025-01-22T15:11:05.3317134Z   5600K .......... .......... .......... .......... .......... 29%  188M 0s
2025-01-22T15:11:05.3317515Z   5650K .......... .......... .......... .......... .......... 29%  196M 0s
2025-01-22T15:11:05.3317852Z   5700K .......... .......... .......... .......... .......... 30%  179M 0s
2025-01-22T15:11:05.3318140Z   5750K .......... .......... .......... .......... .......... 30%  177M 0s
2025-01-22T15:11:05.3333420Z   5800K .......... .......... .......... .......... .......... 30% 72.2M 0s
2025-01-22T15:11:05.3333713Z   5850K .......... .......... .......... .......... .......... 31%  172M 0s
2025-01-22T15:11:05.3334104Z   5900K .......... .......... .......... .......... .......... 31%  206M 0s
2025-01-22T15:11:05.3334397Z   5950K .......... .......... .......... .......... .......... 31%  157M 0s
2025-01-22T15:11:05.3334764Z   6000K .......... .......... .......... .......... .......... 31%  201M 0s
2025-01-22T15:11:05.3357405Z   6050K .......... .......... .......... .......... .......... 32% 34.0M 0s
2025-01-22T15:11:05.3358032Z   6100K .......... .......... .......... .......... .......... 32%  248M 0s
2025-01-22T15:11:05.3358324Z   6150K .......... .......... .......... .......... .......... 32%  161M 0s
2025-01-22T15:11:05.3358611Z   6200K .......... .......... .......... .......... .......... 32%  196M 0s
2025-01-22T15:11:05.3359352Z   6250K .......... .......... .......... .......... .......... 33%  228M 0s
2025-01-22T15:11:05.3433966Z   6300K .......... .......... .......... .......... .......... 33% 24.6M 0s
2025-01-22T15:11:05.3434319Z   6350K .......... .......... .......... .......... .......... 33%  172M 0s
2025-01-22T15:11:05.3434730Z   6400K .......... .......... .......... .......... .......... 33%  241M 0s
2025-01-22T15:11:05.3435026Z   6450K .......... .......... .......... .......... .......... 34%  251M 0s
2025-01-22T15:11:05.3435401Z   6500K .......... .......... .......... .......... .......... 34%  232M 0s
2025-01-22T15:11:05.3435690Z   6550K .......... .......... .......... .......... .......... 34% 24.4M 0s
2025-01-22T15:11:05.3436228Z   6600K .......... .......... .......... .......... .......... 34%  185M 0s
2025-01-22T15:11:05.3436582Z   6650K .......... .......... .......... .......... .......... 35%  242M 0s
2025-01-22T15:11:05.3436853Z   6700K .......... .......... .......... .......... .......... 35%  253M 0s
2025-01-22T15:11:05.3437140Z   6750K .......... .......... .......... .......... .......... 35%  204M 0s
2025-01-22T15:11:05.3449144Z   6800K .......... .......... .......... .......... .......... 36% 21.9M 0s
2025-01-22T15:11:05.3449528Z   6850K .......... .......... .......... .......... .......... 36%  136M 0s
2025-01-22T15:11:05.3450135Z   6900K .......... .......... .......... .......... .......... 36%  205M 0s
2025-01-22T15:11:05.3450509Z   6950K .......... .......... .......... .......... .......... 36%  188M 0s
2025-01-22T15:11:05.3450875Z   7000K .......... .......... .......... .......... .......... 37%  251M 0s
2025-01-22T15:11:05.3463486Z   7050K .......... .......... .......... .......... .......... 37% 38.4M 0s
2025-01-22T15:11:05.3477963Z   7100K .......... .......... .......... .......... .......... 37% 57.7M 0s
2025-01-22T15:11:05.3478325Z   7150K .......... .......... .......... .......... .......... 37%  207M 0s
2025-01-22T15:11:05.3478620Z   7200K .......... .......... .......... .......... .......... 38%  203M 0s
2025-01-22T15:11:05.3478990Z   7250K .......... .......... .......... .......... .......... 38%  184M 0s
2025-01-22T15:11:05.3486016Z   7300K .......... .......... .......... .......... .......... 38% 74.9M 0s
2025-01-22T15:11:05.3505260Z   7350K .......... .......... .......... .......... .......... 38% 33.1M 0s
2025-01-22T15:11:05.3505730Z   7400K .......... .......... .......... .......... .......... 39%  243M 0s
2025-01-22T15:11:05.3506111Z   7450K .......... .......... .......... .......... .......... 39%  240M 0s
2025-01-22T15:11:05.3506477Z   7500K .......... .......... .......... .......... .......... 39%  251M 0s
2025-01-22T15:11:05.3508823Z   7550K .......... .......... .......... .......... .......... 39% 96.0M 0s
2025-01-22T15:11:05.3530884Z   7600K .......... .......... .......... .......... .......... 40% 37.4M 0s
2025-01-22T15:11:05.3531217Z   7650K .......... .......... .......... .......... .......... 40%  240M 0s
2025-01-22T15:11:05.3531507Z   7700K .......... .......... .......... .......... .......... 40%  249M 0s
2025-01-22T15:11:05.3531795Z   7750K .......... .......... .......... .......... .......... 41%  227M 0s
2025-01-22T15:11:05.3532480Z   7800K .......... .......... .......... .......... .......... 41%  226M 0s
2025-01-22T15:11:05.3556835Z   7850K .......... .......... .......... .......... .......... 41% 28.2M 0s
2025-01-22T15:11:05.3557221Z   7900K .......... .......... .......... .......... .......... 41%  232M 0s
2025-01-22T15:11:05.3557588Z   7950K .......... .......... .......... .......... .......... 42%  211M 0s
2025-01-22T15:11:05.3557882Z   8000K .......... .......... .......... .......... .......... 42%  220M 0s
2025-01-22T15:11:05.3558236Z   8050K .......... .......... .......... .......... .......... 42%  184M 0s
2025-01-22T15:11:05.3586164Z   8100K .......... .......... .......... .......... .......... 42% 25.3M 0s
2025-01-22T15:11:05.3586544Z   8150K .......... .......... .......... .......... .......... 43%  216M 0s
2025-01-22T15:11:05.3586911Z   8200K .......... .......... .......... .......... .......... 43%  249M 0s
2025-01-22T15:11:05.3587205Z   8250K .......... .......... .......... .......... .......... 43%  212M 0s
2025-01-22T15:11:05.3587571Z   8300K .......... .......... .......... .......... .......... 43%  171M 0s
2025-01-22T15:11:05.3619273Z   8350K .......... .......... .......... .......... .......... 44% 23.3M 0s
2025-01-22T15:11:05.3619592Z   8400K .......... .......... .......... .......... .......... 44%  144M 0s
2025-01-22T15:11:05.3619948Z   8450K .......... .......... .......... .......... .......... 44%  252M 0s
2025-01-22T15:11:05.3620241Z   8500K .......... .......... .......... .......... .......... 44%  252M 0s
2025-01-22T15:11:05.3620610Z   8550K .......... .......... .......... .......... .......... 45%  131M 0s
2025-01-22T15:11:05.3658900Z   8600K .......... .......... .......... .......... .......... 45% 29.4M 0s
2025-01-22T15:11:05.3659292Z   8650K .......... .......... .......... .......... .......... 45% 29.4M 0s
2025-01-22T15:11:05.3659665Z   8700K .......... .......... .......... .......... .......... 46%  181M 0s
2025-01-22T15:11:05.3659957Z   8750K .......... .......... .......... .......... .......... 46%  204M 0s
2025-01-22T15:11:05.3660326Z   8800K .......... .......... .......... .......... .......... 46%  249M 0s
2025-01-22T15:11:05.3671287Z   8850K .......... .......... .......... .......... .......... 46% 53.4M 0s
2025-01-22T15:11:05.3688308Z   8900K .......... .......... .......... .......... .......... 47% 38.9M 0s
2025-01-22T15:11:05.3688681Z   8950K .......... .......... .......... .......... .......... 47%  213M 0s
2025-01-22T15:11:05.3688977Z   9000K .......... .......... .......... .......... .......... 47%  173M 0s
2025-01-22T15:11:05.3689344Z   9050K .......... .......... .......... .......... .......... 47%  215M 0s
2025-01-22T15:11:05.3691537Z   9100K .......... .......... .......... .......... .......... 48%  247M 0s
2025-01-22T15:11:05.3696903Z   9150K .......... .......... .......... .......... .......... 48% 51.2M 0s
2025-01-22T15:11:05.3701032Z   9200K .......... .......... .......... .......... .......... 48%  111M 0s
2025-01-22T15:11:05.3716729Z   9250K .......... .......... .......... .......... .......... 48%  119M 0s
2025-01-22T15:11:05.3717058Z   9300K .......... .......... .......... .......... .......... 49%  234M 0s
2025-01-22T15:11:05.3717533Z   9350K .......... .......... .......... .......... .......... 49%  223M 0s
2025-01-22T15:11:05.3717824Z   9400K .......... .......... .......... .......... .......... 49%  214M 0s
2025-01-22T15:11:05.3718117Z   9450K .......... .......... .......... .......... .......... 49%  234M 0s
2025-01-22T15:11:05.3733086Z   9500K .......... .......... .......... .......... .......... 50% 55.3M 0s
2025-01-22T15:11:05.3733416Z   9550K .......... .......... .......... .......... .......... 50%  186M 0s
2025-01-22T15:11:05.3733706Z   9600K .......... .......... .......... .......... .......... 50%  232M 0s
2025-01-22T15:11:05.3733997Z   9650K .......... .......... .......... .......... .......... 51%  236M 0s
2025-01-22T15:11:05.3741116Z   9700K .......... .......... .......... .......... .......... 51%  238M 0s
2025-01-22T15:11:05.3758648Z   9750K .......... .......... .......... .......... .......... 51% 28.3M 0s
2025-01-22T15:11:05.3759288Z   9800K .......... .......... .......... .......... .......... 51%  231M 0s
2025-01-22T15:11:05.3759996Z   9850K .......... .......... .......... .......... .......... 52%  244M 0s
2025-01-22T15:11:05.3760576Z   9900K .......... .......... .......... .......... .......... 52%  232M 0s
2025-01-22T15:11:05.3761162Z   9950K .......... .......... .......... .......... .......... 52%  199M 0s
2025-01-22T15:11:05.3764763Z  10000K .......... .......... .......... .......... .......... 52% 67.8M 0s
2025-01-22T15:11:05.3768481Z  10050K .......... .......... .......... .......... .......... 53%  141M 0s
2025-01-22T15:11:05.3772797Z  10100K .......... .......... .......... .......... .......... 53%  118M 0s
2025-01-22T15:11:05.3776342Z  10150K .......... .......... .......... .......... .......... 53%  116M 0s
2025-01-22T15:11:05.3779629Z  10200K .......... .......... .......... .......... .......... 53%  133M 0s
2025-01-22T15:11:05.3784217Z  10250K .......... .......... .......... .......... .......... 54%  130M 0s
2025-01-22T15:11:05.3788160Z  10300K .......... .......... .......... .......... .......... 54%  128M 0s
2025-01-22T15:11:05.3792475Z  10350K .......... .......... .......... .......... .......... 54%  109M 0s
2025-01-22T15:11:05.3796000Z  10400K .......... .......... .......... .......... .......... 54%  122M 0s
2025-01-22T15:11:05.3800448Z  10450K .......... .......... .......... .......... .......... 55%  125M 0s
2025-01-22T15:11:05.3804271Z  10500K .......... .......... .......... .......... .......... 55%  121M 0s
2025-01-22T15:11:05.3807933Z  10550K .......... .......... .......... .......... .......... 55%  118M 0s
2025-01-22T15:11:05.3812189Z  10600K .......... .......... .......... .......... .......... 56%  134M 0s
2025-01-22T15:11:05.3827840Z  10650K .......... .......... .......... .......... .......... 56%  125M 0s
2025-01-22T15:11:05.3828851Z  10700K .......... .......... .......... .......... .......... 56%  227M 0s
2025-01-22T15:11:05.3829797Z  10750K .......... .......... .......... .......... .......... 56%  203M 0s
2025-01-22T15:11:05.3830580Z  10800K .......... .......... .......... .......... .......... 57%  226M 0s
2025-01-22T15:11:05.3832463Z  10850K .......... .......... .......... .......... .......... 57%  235M 0s
2025-01-22T15:11:05.3834052Z  10900K .......... .......... .......... .......... .......... 57% 88.5M 0s
2025-01-22T15:11:05.3835107Z  10950K .......... .......... .......... .......... .......... 57%  125M 0s
2025-01-22T15:11:05.3848587Z  11000K .......... .......... .......... .......... .......... 58%  108M 0s
2025-01-22T15:11:05.3849267Z  11050K .......... .......... .......... .......... .......... 58%  223M 0s
2025-01-22T15:11:05.3850260Z  11100K .......... .......... .......... .......... .......... 58%  237M 0s
2025-01-22T15:11:05.3851087Z  11150K .......... .......... .......... .......... .......... 58%  207M 0s
2025-01-22T15:11:05.3852314Z  11200K .......... .......... .......... .......... .......... 59% 83.1M 0s
2025-01-22T15:11:05.3866296Z  11250K .......... .......... .......... .......... .......... 59% 89.9M 0s
2025-01-22T15:11:05.3867073Z  11300K .......... .......... .......... .......... .......... 59%  235M 0s
2025-01-22T15:11:05.3867987Z  11350K .......... .......... .......... .......... .......... 59%  209M 0s
2025-01-22T15:11:05.3868458Z  11400K .......... .......... .......... .......... .......... 60%  244M 0s
2025-01-22T15:11:05.3869842Z  11450K .......... .......... .......... .......... .......... 60%  237M 0s
2025-01-22T15:11:05.3879518Z  11500K .......... .......... .......... .......... .......... 60% 54.4M 0s
2025-01-22T15:11:05.3880370Z  11550K .......... .......... .......... .......... .......... 61%  195M 0s
2025-01-22T15:11:05.3882895Z  11600K .......... .......... .......... .......... .......... 61%  202M 0s
2025-01-22T15:11:05.3883442Z  11650K .......... .......... .......... .......... .......... 61%  170M 0s
2025-01-22T15:11:05.3885444Z  11700K .......... .......... .......... .......... .......... 61%  227M 0s
2025-01-22T15:11:05.3889545Z  11750K .......... .......... .......... .......... .......... 62%  166M 0s
2025-01-22T15:11:05.3890117Z  11800K .......... .......... .......... .......... .......... 62%  217M 0s
2025-01-22T15:11:05.3892771Z  11850K .......... .......... .......... .......... .......... 62%  175M 0s
2025-01-22T15:11:05.3897280Z  11900K .......... .......... .......... .......... .......... 62%  189M 0s
2025-01-22T15:11:05.3900951Z  11950K .......... .......... .......... .......... .......... 63%  168M 0s
2025-01-22T15:11:05.3901494Z  12000K .......... .......... .......... .......... .......... 63%  186M 0s
2025-01-22T15:11:05.3904089Z  12050K .......... .......... .......... .......... .......... 63%  205M 0s
2025-01-22T15:11:05.3908286Z  12100K .......... .......... .......... .......... .......... 63%  218M 0s
2025-01-22T15:11:05.3908829Z  12150K .......... .......... .......... .......... .......... 64%  172M 0s
2025-01-22T15:11:05.3912110Z  12200K .......... .......... .......... .......... .......... 64%  204M 0s
2025-01-22T15:11:05.3912888Z  12250K .......... .......... .......... .......... .......... 64%  218M 0s
2025-01-22T15:11:05.3915531Z  12300K .......... .......... .......... .......... .......... 64%  182M 0s
2025-01-22T15:11:05.3919519Z  12350K .......... .......... .......... .......... .......... 65%  156M 0s
2025-01-22T15:11:05.3923632Z  12400K .......... .......... .......... .......... .......... 65%  211M 0s
2025-01-22T15:11:05.3924650Z  12450K .......... .......... .......... .......... .......... 65%  187M 0s
2025-01-22T15:11:05.3927988Z  12500K .......... .......... .......... .......... .......... 66%  202M 0s
2025-01-22T15:11:05.3931932Z  12550K .......... .......... .......... .......... .......... 66%  187M 0s
2025-01-22T15:11:05.3932486Z  12600K .......... .......... .......... .......... .......... 66%  180M 0s
2025-01-22T15:11:05.3935139Z  12650K .......... .......... .......... .......... .......... 66%  236M 0s
2025-01-22T15:11:05.3935674Z  12700K .......... .......... .......... .......... .......... 67%  199M 0s
2025-01-22T15:11:05.3939175Z  12750K .......... .......... .......... .......... .......... 67%  171M 0s
2025-01-22T15:11:05.3943263Z  12800K .......... .......... .......... .......... .......... 67%  220M 0s
2025-01-22T15:11:05.3944403Z  12850K .......... .......... .......... .......... .......... 67%  193M 0s
2025-01-22T15:11:05.3947777Z  12900K .......... .......... .......... .......... .......... 68%  194M 0s
2025-01-22T15:11:05.3950627Z  12950K .......... .......... .......... .......... .......... 68%  199M 0s
2025-01-22T15:11:05.3951631Z  13000K .......... .......... .......... .......... .......... 68%  188M 0s
2025-01-22T15:11:05.3956648Z  13050K .......... .......... .......... .......... .......... 68%  203M 0s
2025-01-22T15:11:05.3956969Z  13100K .......... .......... .......... .......... .......... 69%  178M 0s
2025-01-22T15:11:05.3960598Z  13150K .......... .......... .......... .......... .......... 69%  155M 0s
2025-01-22T15:11:05.3963983Z  13200K .......... .......... .......... .......... .......... 69%  229M 0s
2025-01-22T15:11:05.3967788Z  13250K .......... .......... .......... .......... .......... 69%  183M 0s
2025-01-22T15:11:05.3968097Z  13300K .......... .......... .......... .......... .......... 70%  181M 0s
2025-01-22T15:11:05.3971400Z  13350K .......... .......... .......... .......... .......... 70%  179M 0s
2025-01-22T15:11:05.3974274Z  13400K .......... .......... .......... .......... .......... 70%  199M 0s
2025-01-22T15:11:05.3974584Z  13450K .......... .......... .......... .......... .......... 71%  187M 0s
2025-01-22T15:11:05.3978630Z  13500K .......... .......... .......... .......... .......... 71%  191M 0s
2025-01-22T15:11:05.3983374Z  13550K .......... .......... .......... .......... .......... 71%  191M 0s
2025-01-22T15:11:05.3983694Z  13600K .......... .......... .......... .......... .......... 71%  188M 0s
2025-01-22T15:11:05.3986788Z  13650K .......... .......... .......... .......... .......... 72%  224M 0s
2025-01-22T15:11:05.3987350Z  13700K .......... .......... .......... .......... .......... 72%  192M 0s
2025-01-22T15:11:05.3990514Z  13750K .......... .......... .......... .......... .......... 72%  177M 0s
2025-01-22T15:11:05.3995364Z  13800K .......... .......... .......... .......... .......... 72%  228M 0s
2025-01-22T15:11:05.3995668Z  13850K .......... .......... .......... .......... .......... 73%  190M 0s
2025-01-22T15:11:05.3999180Z  13900K .......... .......... .......... .......... .......... 73%  193M 0s
2025-01-22T15:11:05.4003013Z  13950K .......... .......... .......... .......... .......... 73%  164M 0s
2025-01-22T15:11:05.4003329Z  14000K .......... .......... .......... .......... .......... 73%  186M 0s
2025-01-22T15:11:05.4006091Z  14050K .......... .......... .......... .......... .......... 74%  206M 0s
2025-01-22T15:11:05.4010677Z  14100K .......... .......... .......... .......... .......... 74%  224M 0s
2025-01-22T15:11:05.4010997Z  14150K .......... .......... .......... .......... .......... 74%  182M 0s
2025-01-22T15:11:05.4013604Z  14200K .......... .......... .......... .......... .......... 74%  205M 0s
2025-01-22T15:11:05.4016264Z  14250K .......... .......... .......... .......... .......... 75%  215M 0s
2025-01-22T15:11:05.4016573Z  14300K .......... .......... .......... .......... .......... 75%  198M 0s
2025-01-22T15:11:05.4019547Z  14350K .......... .......... .......... .......... .......... 75%  175M 0s
2025-01-22T15:11:05.4023762Z  14400K .......... .......... .......... .......... .......... 76%  203M 0s
2025-01-22T15:11:05.4027951Z  14450K .......... .......... .......... .......... .......... 76%  202M 0s
2025-01-22T15:11:05.4028880Z  14500K .......... .......... .......... .......... .......... 76%  191M 0s
2025-01-22T15:11:05.4031705Z  14550K .......... .......... .......... .......... .......... 76%  208M 0s
2025-01-22T15:11:05.4032272Z  14600K .......... .......... .......... .......... .......... 77%  181M 0s
2025-01-22T15:11:05.4035747Z  14650K .......... .......... .......... .......... .......... 77%  186M 0s
2025-01-22T15:11:05.4040717Z  14700K .......... .......... .......... .......... .......... 77%  218M 0s
2025-01-22T15:11:05.4041278Z  14750K .......... .......... .......... .......... .......... 77%  156M 0s
2025-01-22T15:11:05.4057310Z  14800K .......... .......... .......... .......... .......... 78%  195M 0s
2025-01-22T15:11:05.4057935Z  14850K .......... .......... .......... .......... .......... 78%  214M 0s
2025-01-22T15:11:05.4059346Z  14900K .......... .......... .......... .......... .......... 78%  227M 0s
2025-01-22T15:11:05.4059844Z  14950K .......... .......... .......... .......... .......... 78%  211M 0s
2025-01-22T15:11:05.4061045Z  15000K .......... .......... .......... .......... .......... 79%  247M 0s
2025-01-22T15:11:05.4061756Z  15050K .......... .......... .......... .......... .......... 79%  240M 0s
2025-01-22T15:11:05.4073411Z  15100K .......... .......... .......... .......... .......... 79%  230M 0s
2025-01-22T15:11:05.4073960Z  15150K .......... .......... .......... .......... .......... 79% 72.3M 0s
2025-01-22T15:11:05.4075247Z  15200K .......... .......... .......... .......... .......... 80%  137M 0s
2025-01-22T15:11:05.4075542Z  15250K .......... .......... .......... .......... .......... 80%  243M 0s
2025-01-22T15:11:05.4076195Z  15300K .......... .......... .......... .......... .......... 80%  240M 0s
2025-01-22T15:11:05.4076504Z  15350K .......... .......... .......... .......... .......... 80%  212M 0s
2025-01-22T15:11:05.4088018Z  15400K .......... .......... .......... .......... .......... 81%  104M 0s
2025-01-22T15:11:05.4088321Z  15450K .......... .......... .......... .......... .......... 81%  201M 0s
2025-01-22T15:11:05.4088596Z  15500K .......... .......... .......... .......... .......... 81%  233M 0s
2025-01-22T15:11:05.4089193Z  15550K .......... .......... .......... .......... .......... 82%  202M 0s
2025-01-22T15:11:05.4089489Z  15600K .......... .......... .......... .......... .......... 82%  240M 0s
2025-01-22T15:11:05.4100110Z  15650K .......... .......... .......... .......... .......... 82%  109M 0s
2025-01-22T15:11:05.4100514Z  15700K .......... .......... .......... .......... .......... 82%  237M 0s
2025-01-22T15:11:05.4101224Z  15750K .......... .......... .......... .......... .......... 83%  230M 0s
2025-01-22T15:11:05.4101590Z  15800K .......... .......... .......... .......... .......... 83%  240M 0s
2025-01-22T15:11:05.4102164Z  15850K .......... .......... .......... .......... .......... 83%  238M 0s
2025-01-22T15:11:05.4120331Z  15900K .......... .......... .......... .......... .......... 83% 42.2M 0s
2025-01-22T15:11:05.4120704Z  15950K .......... .......... .......... .......... .......... 84%  193M 0s
2025-01-22T15:11:05.4121074Z  16000K .......... .......... .......... .......... .......... 84%  246M 0s
2025-01-22T15:11:05.4121371Z  16050K .......... .......... .......... .......... .......... 84%  240M 0s
2025-01-22T15:11:05.4121736Z  16100K .......... .......... .......... .......... .......... 84%  222M 0s
2025-01-22T15:11:05.4147723Z  16150K .......... .......... .......... .......... .......... 85% 27.2M 0s
2025-01-22T15:11:05.4148127Z  16200K .......... .......... .......... .......... .......... 85%  220M 0s
2025-01-22T15:11:05.4148503Z  16250K .......... .......... .......... .......... .......... 85%  236M 0s
2025-01-22T15:11:05.4148878Z  16300K .......... .......... .......... .......... .......... 85%  253M 0s
2025-01-22T15:11:05.4149152Z  16350K .......... .......... .......... .......... .......... 86%  209M 0s
2025-01-22T15:11:05.4160196Z  16400K .......... .......... .......... .......... .......... 86% 37.1M 0s
2025-01-22T15:11:05.4173258Z  16450K .......... .......... .......... .......... .......... 86% 85.2M 0s
2025-01-22T15:11:05.4173572Z  16500K .......... .......... .......... .......... .......... 87%  238M 0s
2025-01-22T15:11:05.4173946Z  16550K .......... .......... .......... .......... .......... 87%  224M 0s
2025-01-22T15:11:05.4174660Z  16600K .......... .......... .......... .......... .......... 87%  234M 0s
2025-01-22T15:11:05.4179200Z  16650K .......... .......... .......... .......... .......... 87% 77.7M 0s
2025-01-22T15:11:05.4233981Z  16700K .......... .......... .......... .......... .......... 88% 33.5M 0s
2025-01-22T15:11:05.4234321Z  16750K .......... .......... .......... .......... .......... 88%  207M 0s
2025-01-22T15:11:05.4234685Z  16800K .......... .......... .......... .......... .......... 88%  244M 0s
2025-01-22T15:11:05.4235067Z  16850K .......... .......... .......... .......... .......... 88%  256M 0s
2025-01-22T15:11:05.4235439Z  16900K .......... .......... .......... .......... .......... 89%  235M 0s
2025-01-22T15:11:05.4235819Z  16950K .......... .......... .......... .......... .......... 89% 27.1M 0s
2025-01-22T15:11:05.4236375Z  17000K .......... .......... .......... .......... .......... 89%  217M 0s
2025-01-22T15:11:05.4236760Z  17050K .......... .......... .......... .......... .......... 89%  238M 0s
2025-01-22T15:11:05.4237401Z  17100K .......... .......... .......... .......... .......... 90%  245M 0s
2025-01-22T15:11:05.4237949Z  17150K .......... .......... .......... .......... .......... 90%  206M 0s
2025-01-22T15:11:05.4238857Z  17200K .......... .......... .......... .......... .......... 90% 49.9M 0s
2025-01-22T15:11:05.4258777Z  17250K .......... .......... .......... .......... .......... 90% 54.2M 0s
2025-01-22T15:11:05.4259193Z  17300K .......... .......... .......... .......... .......... 91%  253M 0s
2025-01-22T15:11:05.4259492Z  17350K .......... .......... .......... .......... .......... 91%  229M 0s
2025-01-22T15:11:05.4259782Z  17400K .......... .......... .......... .......... .......... 91%  252M 0s
2025-01-22T15:11:05.4260720Z  17450K .......... .......... .......... .......... .......... 92%  252M 0s
2025-01-22T15:11:05.4292844Z  17500K .......... .......... .......... .......... .......... 92% 27.8M 0s
2025-01-22T15:11:05.4293267Z  17550K .......... .......... .......... .......... .......... 92%  199M 0s
2025-01-22T15:11:05.4293659Z  17600K .......... .......... .......... .......... .......... 92%  230M 0s
2025-01-22T15:11:05.4294300Z  17650K .......... .......... .......... .......... .......... 93%  251M 0s
2025-01-22T15:11:05.4294577Z  17700K .......... .......... .......... .......... .......... 93%  227M 0s
2025-01-22T15:11:05.4295372Z  17750K .......... .......... .......... .......... .......... 93% 36.0M 0s
2025-01-22T15:11:05.4307977Z  17800K .......... .......... .......... .......... .......... 93% 74.0M 0s
2025-01-22T15:11:05.4308354Z  17850K .......... .......... .......... .......... .......... 94%  242M 0s
2025-01-22T15:11:05.4308726Z  17900K .......... .......... .......... .......... .......... 94%  248M 0s
2025-01-22T15:11:05.4309098Z  17950K .......... .......... .......... .......... .......... 94%  213M 0s
2025-01-22T15:11:05.4312764Z  18000K .......... .......... .......... .......... .......... 94% 88.4M 0s
2025-01-22T15:11:05.4335500Z  18050K .......... .......... .......... .......... .......... 95% 33.8M 0s
2025-01-22T15:11:05.4336021Z  18100K .......... .......... .......... .......... .......... 95%  244M 0s
2025-01-22T15:11:05.4336382Z  18150K .......... .......... .......... .......... .......... 95%  223M 0s
2025-01-22T15:11:05.4336752Z  18200K .......... .......... .......... .......... .......... 95%  247M 0s
2025-01-22T15:11:05.4337126Z  18250K .......... .......... .......... .......... .......... 96%  251M 0s
2025-01-22T15:11:05.4477728Z  18300K .......... .......... .......... .......... .......... 96% 30.9M 0s
2025-01-22T15:11:05.4478442Z  18350K .......... .......... .......... .......... .......... 96%  116M 0s
2025-01-22T15:11:05.4479047Z  18400K .......... .......... .......... .......... .......... 97%  254M 0s
2025-01-22T15:11:05.4479684Z  18450K .......... .......... .......... .......... .......... 97%  251M 0s
2025-01-22T15:11:05.4480273Z  18500K .......... .......... .......... .......... .......... 97%  226M 0s
2025-01-22T15:11:05.4480861Z  18550K .......... .......... .......... .......... .......... 97% 52.8M 0s
2025-01-22T15:11:05.4481819Z  18600K .......... .......... .......... .......... .......... 98% 39.4M 0s
2025-01-22T15:11:05.4482411Z  18650K .......... .......... .......... .......... .......... 98%  242M 0s
2025-01-22T15:11:05.4482998Z  18700K .......... .......... .......... .......... .......... 98%  249M 0s
2025-01-22T15:11:05.4483564Z  18750K .......... .......... .......... .......... .......... 98%  212M 0s
2025-01-22T15:11:05.4484153Z  18800K .......... .......... .......... .......... .......... 99%  248M 0s
2025-01-22T15:11:05.4484813Z  18850K .......... .......... .......... .......... .......... 99% 32.7M 0s
2025-01-22T15:11:05.4485401Z  18900K .......... .......... .......... .......... .......... 99% 83.8M 0s
2025-01-22T15:11:05.4485988Z  18950K .......... .......... .......... .......... .......... 99%  220M 0s
2025-01-22T15:11:05.4486539Z  19000K .......... ...                                        100%  276M=0.2s
2025-01-22T15:11:05.4486839Z 
2025-01-22T15:11:05.4488253Z 2025-01-22 15:11:05 (102 MB/s) - ‘terraform_1.3.5_linux_amd64.zip’ saved [19469337/19469337]
2025-01-22T15:11:05.4488530Z 
2025-01-22T15:11:05.4526209Z Archive:  terraform_1.3.5_linux_amd64.zip
2025-01-22T15:11:06.0910890Z   inflating: terraform_1.3.5/terraform  
2025-01-22T15:11:06.1105691Z Finished installing Terraform.....
2025-01-22T15:11:06.1106384Z Running terraform...
2025-01-22T15:11:06.7064732Z DC-CNV-TEST
2025-01-22T15:11:06.7065797Z d3149529-33df-4c0a-8959-ce626c696a02
2025-01-22T15:11:08.6033805Z Reading package lists...
2025-01-22T15:11:08.8679388Z Building dependency tree...
2025-01-22T15:11:08.8702478Z Reading state information...
2025-01-22T15:11:09.1001318Z jq is already the newest version (1.6-2.1ubuntu3).
2025-01-22T15:11:09.1001843Z 0 upgraded, 0 newly installed, 0 to remove and 45 not upgraded.
2025-01-22T15:11:09.2783439Z 
2025-01-22T15:11:09.2784752Z [0m[1mInitializing the backend...[0m
2025-01-22T15:11:09.7196976Z [0m[32m
2025-01-22T15:11:09.7197677Z Successfully configured the backend "azurerm"! Terraform will automatically
2025-01-22T15:11:09.7198558Z use this backend unless the backend configuration changes.[0m
2025-01-22T15:11:09.8288089Z 
2025-01-22T15:11:09.8289123Z [0m[1mInitializing provider plugins...[0m
2025-01-22T15:11:09.8290726Z - Finding hashicorp/azuread versions matching "1.6.0"...
2025-01-22T15:11:09.8890981Z - Finding hashicorp/azurerm versions matching "3.80.0"...
2025-01-22T15:11:09.9232134Z - Finding microsoft/azuredevops versions matching "0.2.2"...
2025-01-22T15:11:10.0267679Z - Finding hashicorp/tls versions matching "3.2.1"...
2025-01-22T15:11:10.0575303Z - Finding latest version of hashicorp/external...
2025-01-22T15:11:10.0757302Z - Finding hashicorp/random versions matching "3.1.3"...
2025-01-22T15:11:10.0872843Z - Finding latest version of hashicorp/time...
2025-01-22T15:11:10.1034922Z - Finding hashicorp/template versions matching "2.2.0"...
2025-01-22T15:11:10.1181932Z - Finding hashicorp/null versions matching "3.1.1"...
2025-01-22T15:11:10.1313109Z - Finding azure/azapi versions matching "1.10.0"...
2025-01-22T15:11:10.1967885Z - Installing hashicorp/external v2.3.4...
2025-01-22T15:11:10.4538878Z - Installed hashicorp/external v2.3.4 (signed by HashiCorp)
2025-01-22T15:11:10.4835504Z - Installing hashicorp/azuread v1.6.0...
2025-01-22T15:11:10.8922296Z - Installed hashicorp/azuread v1.6.0 (signed by HashiCorp)
2025-01-22T15:11:10.9243831Z - Installing hashicorp/azurerm v3.80.0...
2025-01-22T15:11:13.9599371Z - Installed hashicorp/azurerm v3.80.0 (signed by HashiCorp)
2025-01-22T15:11:14.9931683Z - Installing microsoft/azuredevops v0.2.2...
2025-01-22T15:11:15.9505781Z - Installed microsoft/azuredevops v0.2.2 (signed by a HashiCorp partner, key ID [0m[1m6F0B91BDE98478CF[0m[0m)
2025-01-22T15:11:15.9742272Z - Installing hashicorp/template v2.2.0...
2025-01-22T15:11:16.3465335Z - Installed hashicorp/template v2.2.0 (signed by HashiCorp)
2025-01-22T15:11:16.3725554Z - Installing hashicorp/null v3.1.1...
2025-01-22T15:11:16.6347949Z - Installed hashicorp/null v3.1.1 (signed by HashiCorp)
2025-01-22T15:11:17.6169427Z - Installing azure/azapi v1.10.0...
2025-01-22T15:11:19.5267172Z - Installed azure/azapi v1.10.0 (signed by a HashiCorp partner, key ID [0m[1m6F0B91BDE98478CF[0m[0m)
2025-01-22T15:11:19.5557962Z - Installing hashicorp/tls v3.2.1...
2025-01-22T15:11:19.8235746Z - Installed hashicorp/tls v3.2.1 (signed by HashiCorp)
2025-01-22T15:11:19.8529601Z - Installing hashicorp/random v3.1.3...
2025-01-22T15:11:20.1181301Z - Installed hashicorp/random v3.1.3 (signed by HashiCorp)
2025-01-22T15:11:20.1396451Z - Installing hashicorp/time v0.12.1...
2025-01-22T15:11:20.4039331Z - Installed hashicorp/time v0.12.1 (signed by HashiCorp)
2025-01-22T15:11:20.4039573Z 
2025-01-22T15:11:20.4040653Z Partner and community providers are signed by their developers.
2025-01-22T15:11:20.4041608Z If you'd like to know more about provider signing, you can read about it here:
2025-01-22T15:11:20.4042533Z https://www.terraform.io/docs/cli/plugins/signing.html
2025-01-22T15:11:20.4043347Z 
2025-01-22T15:11:20.4044080Z Terraform has created a lock file [1m.terraform.lock.hcl[0m to record the provider
2025-01-22T15:11:20.4044490Z selections it made above. Include this file in your version control repository
2025-01-22T15:11:20.4045436Z so that Terraform can guarantee to make the same selections by default when
2025-01-22T15:11:20.4046313Z you run "terraform init" in the future.[0m
2025-01-22T15:11:20.4054025Z 
2025-01-22T15:11:20.4054892Z [0m[1m[32mTerraform has been successfully initialized![0m[32m[0m
2025-01-22T15:11:20.4055613Z [0m[32m
2025-01-22T15:11:20.4056048Z You may now begin working with Terraform. Try running "terraform plan" to see
2025-01-22T15:11:20.4056721Z any changes that are required for your infrastructure. All Terraform commands
2025-01-22T15:11:20.4057127Z should now work.
2025-01-22T15:11:20.4057561Z 
2025-01-22T15:11:20.4057947Z If you ever set or change modules or backend configuration for Terraform,
2025-01-22T15:11:20.4058606Z rerun this command to reinitialize your working directory. If you forget, other
2025-01-22T15:11:20.4059083Z commands will detect it and remind you to do so if necessary.[0m
2025-01-22T15:11:22.8188843Z [31mWorkspace "test" already exists[0m[0m
2025-01-22T15:11:25.3104610Z [0m[32mSwitched to workspace "test".[0m
2025-01-22T15:11:25.4950772Z 
2025-01-22T15:11:25.4953845Z [0m[1mInitializing the backend...[0m
2025-01-22T15:11:28.2134788Z 
2025-01-22T15:11:28.2135751Z [0m[1mInitializing provider plugins...[0m
2025-01-22T15:11:28.2135998Z - Finding hashicorp/null versions matching "3.1.1"...
2025-01-22T15:11:28.2405627Z - Finding latest version of hashicorp/time...
2025-01-22T15:11:28.2532594Z - Finding latest version of hashicorp/external...
2025-01-22T15:11:28.2677432Z - Finding hashicorp/azuread versions matching "1.6.0"...
2025-01-22T15:11:28.2812371Z - Finding hashicorp/template versions matching "2.2.0"...
2025-01-22T15:11:28.2945385Z - Finding hashicorp/azurerm versions matching "3.80.0"...
2025-01-22T15:11:28.3117847Z - Finding hashicorp/random versions matching "3.1.3"...
2025-01-22T15:11:28.3336250Z - Finding hashicorp/tls versions matching "3.2.1"...
2025-01-22T15:11:28.3469795Z - Finding microsoft/azuredevops versions matching "0.2.2"...
2025-01-22T15:11:28.3628328Z - Finding azure/azapi versions matching "1.10.0"...
2025-01-22T15:11:28.4311286Z - Using previously-installed hashicorp/null v3.1.1
2025-01-22T15:11:28.4843362Z - Using previously-installed hashicorp/external v2.3.4
2025-01-22T15:11:28.5674993Z - Using previously-installed hashicorp/azuread v1.6.0
2025-01-22T15:11:29.4912054Z - Using previously-installed hashicorp/azurerm v3.80.0
2025-01-22T15:11:29.5437785Z - Using previously-installed hashicorp/time v0.12.1
2025-01-22T15:11:29.6170839Z - Using previously-installed hashicorp/template v2.2.0
2025-01-22T15:11:29.6666106Z - Using previously-installed hashicorp/random v3.1.3
2025-01-22T15:11:29.7222129Z - Using previously-installed hashicorp/tls v3.2.1
2025-01-22T15:11:29.7788535Z - Using previously-installed microsoft/azuredevops v0.2.2
2025-01-22T15:11:30.1967408Z - Using previously-installed azure/azapi v1.10.0
2025-01-22T15:11:30.1967626Z 
2025-01-22T15:11:30.1968361Z [0m[1m[32mTerraform has been successfully initialized![0m[32m[0m
2025-01-22T15:11:30.1968729Z [0m[32m
2025-01-22T15:11:30.1969055Z You may now begin working with Terraform. Try running "terraform plan" to see
2025-01-22T15:11:30.1969485Z any changes that are required for your infrastructure. All Terraform commands
2025-01-22T15:11:30.1969830Z should now work.
2025-01-22T15:11:30.1969957Z 
2025-01-22T15:11:30.1970259Z If you ever set or change modules or backend configuration for Terraform,
2025-01-22T15:11:30.1970680Z rerun this command to reinitialize your working directory. If you forget, other
2025-01-22T15:11:30.1971092Z commands will detect it and remind you to do so if necessary.[0m
2025-01-22T15:11:30.2343557Z Terraform v1.3.5
2025-01-22T15:11:30.2345980Z on linux_amd64
2025-01-22T15:11:30.2349499Z + provider registry.terraform.io/azure/azapi v1.10.0
2025-01-22T15:11:30.2350459Z + provider registry.terraform.io/hashicorp/azuread v1.6.0
2025-01-22T15:11:30.2351072Z + provider registry.terraform.io/hashicorp/azurerm v3.80.0
2025-01-22T15:11:30.2351487Z + provider registry.terraform.io/hashicorp/external v2.3.4
2025-01-22T15:11:30.2351898Z + provider registry.terraform.io/hashicorp/null v3.1.1
2025-01-22T15:11:30.2352432Z + provider registry.terraform.io/hashicorp/random v3.1.3
2025-01-22T15:11:30.2358104Z + provider registry.terraform.io/hashicorp/template v2.2.0
2025-01-22T15:11:30.2360747Z + provider registry.terraform.io/hashicorp/time v0.12.1
2025-01-22T15:11:30.2361331Z + provider registry.terraform.io/hashicorp/tls v3.2.1
2025-01-22T15:11:30.2361743Z + provider registry.terraform.io/microsoft/azuredevops v0.2.2
2025-01-22T15:11:30.2399632Z 
2025-01-22T15:11:30.2401523Z Your version of Terraform is out of date! The latest version
2025-01-22T15:11:30.2402255Z is 1.10.4. You can update by downloading from https://www.terraform.io/downloads.html
2025-01-22T15:11:30.2403013Z Validating Terraform
2025-01-22T15:11:35.7386506Z Terraform deployment is invalid
2025-01-22T15:11:41.2818018Z "The attribute \"value\" is deprecated. Refer to the provider documentation for details." "In version 2.0 of the AzureAD provider, this attribute will become read-only as it will no longer be possible to specify a password value. It will be generated by Azure Active Directory and persisted to state for reuse in your Terraform configuration." "`retention_policy` has been deprecated in favor of `azurerm_storage_management_policy` resource - to learn more https://aka.ms/diagnostic_settings_log_retention" "`retention_policy` has been deprecated in favor of `azurerm_storage_management_policy` resource - to learn more https://aka.ms/diagnostic_settings_log_retention" "`retention_policy` has been deprecated in favor of `azurerm_storage_management_policy` resource - to learn more https://aka.ms/diagnostic_settings_log_retention" "`log` has been superseded by `enabled_log` and will be removed in version 4.0 of the AzureRM Provider." "`retention_policy` has been deprecated in favor of `azurerm_storage_management_policy` resource - to learn more https://aka.ms/diagnostic_settings_log_retention" "`retention_policy` has been deprecated in favor of `azurerm_storage_management_policy` resource - to learn more https://aka.ms/diagnostic_settings_log_retention" "`retention_policy` has been deprecated in favor of `azurerm_storage_management_policy` resource - to learn more https://aka.ms/diagnostic_settings_log_retention" "`log` has been superseded by `enabled_log` and will be removed in version 4.0 of the AzureRM Provider." "" ERR trap fired!
2025-01-22T15:11:41.2826403Z 
2025-01-22T15:11:41.2880532Z ##[error]Bash exited with code '1'.
2025-01-22T15:11:41.2909028Z ##[section]Finishing: Validate
